<?xml version="1.0" encoding="UTF-8"?>
<!-- Generated by org.testng.reporters.JUnitXMLReporter -->
<testsuite ignored="0" hostname="DESKTOP-JBKRS0T" failures="1" tests="6" name="Surefire test" time="198.719" errors="0" timestamp="2023-03-10T06:56:48 IST">
  <testcase classname="bikashautomationframework.tests.ErrorValidationsTest" name="loginErrorValidation" time="1.191">
    <skipped/>
  </testcase> <!-- loginErrorValidation -->
  <testcase classname="bikashautomationframework.tests.ErrorValidationsTest" name="loginErrorValidation" time="0.8">
    <failure type="java.lang.AssertionError" message="expected [Incorrect email or password.] but found [Incorrect email  password.]">
      <![CDATA[java.lang.AssertionError: expected [Incorrect email or password.] but found [Incorrect email  password.]
at bikashautomationframework.tests.ErrorValidationsTest.loginErrorValidation(ErrorValidationsTest.java:26)
at java.base/java.util.ArrayList.forEach(ArrayList.java:1511)
... Removed 38 stack frames]]>
    </failure>
  </testcase> <!-- loginErrorValidation -->
  <testcase classname="bikashautomationframework.tests.ErrorValidationsTest" name="productErrorValidation" time="17.681"/>
  <testcase classname="bikashautomationframework.tests.SubmitOrderTest" name="submitOrder" time="18.418"/>
  <testcase classname="bikashautomationframework.tests.SubmitOrderTest" name="submitOrder" time="17.244"/>
  <testcase classname="bikashautomationframework.tests.SubmitOrderTest" name="OrderHistoryTest" time="6.214"/>
</testsuite> <!-- Surefire test -->
